<?xml version="1.0" encoding="UTF-8"?>
<testng-results ignored="0" total="1" passed="1" failed="0" skipped="0">
  <reporter-output>
  </reporter-output>
  <suite started-at="2025-03-19T11:15:53 IST" name="Default suite" finished-at="2025-03-19T11:16:12 IST" duration-ms="18501">
    <groups>
      <group name="cucumber">
        <method signature="AbstractTestNGCucumberTests.runScenario(io.cucumber.testng.PickleWrapper,io.cucumber.testng.FeatureWrapper)[pri:0, instance:cucumber.testngrunnerforcucumber@24c4ddae]" name="runScenario" class="io.cucumber.testng.AbstractTestNGCucumberTests"/>
      </group> <!-- cucumber -->
    </groups>
    <test started-at="2025-03-19T11:15:53 IST" name="Default test" finished-at="2025-03-19T11:16:12 IST" duration-ms="18501">
      <class name="cucumber.testngrunnerforcucumber">
        <test-method is-config="true" signature="setUpClass(org.testng.ITestContext)[pri:0, instance:cucumber.testngrunnerforcucumber@24c4ddae]" started-at="2025-03-19T11:15:53 IST" name="setUpClass" finished-at="2025-03-19T11:15:54 IST" duration-ms="870" status="PASS">
          <params>
            <param index="0">
              <value>
                <![CDATA[org.testng.TestRunner@3a2d3909]]>
              </value>
            </param>
          </params>
          <reporter-output>
          </reporter-output>
        </test-method> <!-- setUpClass -->
        <test-method signature="runScenario(io.cucumber.testng.PickleWrapper,io.cucumber.testng.FeatureWrapper)[pri:0, instance:cucumber.testngrunnerforcucumber@24c4ddae]" started-at="2025-03-19T11:15:54 IST" name="runScenario" description="Runs Cucumber Scenarios" data-provider="scenarios" finished-at="2025-03-19T11:16:12 IST" duration-ms="17544" status="PASS">
          <params>
            <param index="0">
              <value>
                <![CDATA["Positive test of submitting the order"]]>
              </value>
            </param>
            <param index="1">
              <value>
                <![CDATA["Purchase the order from ecommerce website"]]>
              </value>
            </param>
          </params>
          <reporter-output>
          </reporter-output>
        </test-method> <!-- runScenario -->
        <test-method is-config="true" signature="tearDownClass()[pri:0, instance:cucumber.testngrunnerforcucumber@24c4ddae]" started-at="2025-03-19T11:16:12 IST" name="tearDownClass" finished-at="2025-03-19T11:16:12 IST" duration-ms="28" status="PASS">
          <reporter-output>
          </reporter-output>
        </test-method> <!-- tearDownClass -->
      </class> <!-- cucumber.testngrunnerforcucumber -->
    </test> <!-- Default test -->
  </suite> <!-- Default suite -->
</testng-results>
