<?xml version="1.0" encoding="UTF-8"?>
<!-- Generated by org.testng.reporters.JUnitXMLReporter -->
<testsuite ignored="2" hostname="FFE-Gayatri" failures="1" tests="2" name="Test" time="20.365" errors="0" timestamp="2024-06-06T15:29:23 IST">
  <testcase classname="testngframework.test1" name="submitOrder" time="7.729"/>
  <testcase classname="testngframework.test1" name="submitOrder" time="0.088">
    <failure type="java.lang.IllegalArgumentException" message="Keys to send should be a not null CharSequence">
      <![CDATA[java.lang.IllegalArgumentException: Keys to send should be a not null CharSequence
at org.openqa.selenium.remote.RemoteWebElement.sendKeys(RemoteWebElement.java:96)
at org.openqa.selenium.support.pagefactory.internal.LocatingElementHandler.invoke(LocatingElementHandler.java:51)
at jdk.proxy2/jdk.proxy2.$Proxy13.sendKeys(Unknown Source)
at testngframework.landingpage.loginApplication(landingpage.java:30)
at testngframework.test1.submitOrder(test1.java:12)
at java.base/java.util.ArrayList.forEach(ArrayList.java:1511)
... Removed 31 stack frames]]>
    </failure>
  </testcase> <!-- submitOrder -->
  <testcase classname="testngframework.test3" name="error" time="0.0">
    <ignored/>
  </testcase> <!-- error -->
  <testcase classname="testngframework.test1" name="orderspage" time="0.0">
    <ignored/>
  </testcase> <!-- orderspage -->
</testsuite> <!-- Test -->
